Arguments: 
  /usr/local/bin/node /usr/local/bin/yarn start

PATH: 
  /Users/Deb/.cargo/bin:/usr/local/opt/python/libexec/bin:/Library/Frameworks/Python.framework/Versions/3.6/bin:/usr/local/bin:/usr/local/sbin:/Users/Deb/.cargo/bin:/Users/Deb/bin:/usr/local/bin:/usr/bin:/bin:/usr/sbin:/sbin:/Applications/Postgres.app/Contents/Versions/latest/bin:/Users/Deb/.rvm/bin

Yarn version: 
  1.5.1

Node version: 
  8.9.4

Platform: 
  darwin x64

npm manifest: 
  {
    "name": "Typechain",
    "version": "1.0.0",
    "description": "Learning Typscript by making a blockchain",
    "main": "index.js",
    "repository": "https://github.com/DebLeong/Typechain",
    "author": "DebLeong <debleon9@gmail.com>",
    "license": "MIT",
    "scripts": {
      "start": "node index.js",
      "prestart": "tsc"
    }
  }

yarn manifest: 
  No manifest

Lockfile: 
  No lockfile

Trace: 
  Error: Command failed.
  Exit code: 1
  Command: sh
  Arguments: -c node index.js
  Directory: /Users/Deb/Desktop/Typechain
  Output:
  
      at ProcessTermError.MessageError (/usr/local/lib/node_modules/yarn/lib/cli.js:186:110)
      at new ProcessTermError (/usr/local/lib/node_modules/yarn/lib/cli.js:226:113)
      at ChildProcess.<anonymous> (/usr/local/lib/node_modules/yarn/lib/cli.js:30281:17)
      at emitTwo (events.js:126:13)
      at ChildProcess.emit (events.js:214:7)
      at maybeClose (internal/child_process.js:925:16)
      at Process.ChildProcess._handle.onexit (internal/child_process.js:209:5)
